# JRE version: Java(TM) SE Runtime Environment (8.0_77-b03) (build 1.8.0_77-b03)
# Java VM: Java HotSpot(TM) 64-Bit Server VM (25.77-b03 mixed mode windows-amd64 compressed oops)
Heap:
 PSYoungGen      total 453120K, used 7550K [0x00000000d6980000, 0x00000000f5480000, 0x0000000100000000)
  eden space 407040K, 1% used [0x00000000d6980000,0x00000000d70dfad0,0x00000000ef700000)
  from space 46080K, 0% used [0x00000000f2280000,0x00000000f2280000,0x00000000f4f80000)
  to   space 44544K, 0% used [0x00000000ef700000,0x00000000ef700000,0x00000000f2280000)
 ParOldGen       total 205824K, used 41528K [0x0000000083c00000, 0x0000000090500000, 0x00000000d6980000)
  object space 205824K, 20% used [0x0000000083c00000,0x000000008648e258,0x0000000090500000)
 Metaspace       used 73650K, capacity 74702K, committed 75608K, reserved 1116160K
  class space    used 8475K, capacity 8772K, committed 8832K, reserved 1048576K
GC Heap History (10 events):
Event: 32.311 GC heap before
{Heap before GC invocations=17 (full 3):
 PSYoungGen      total 331776K, used 292735K [0x00000000d6980000, 0x00000000f2100000, 0x0000000100000000)
  eden space 279040K, 100% used [0x00000000d6980000,0x00000000e7a00000,0x00000000e7a00000)
  from space 52736K, 25% used [0x00000000e7a00000,0x00000000e875fc88,0x00000000ead80000)
  to   space 50176K, 0% used [0x00000000ef000000,0x00000000ef000000,0x00000000f2100000)
 ParOldGen       total 161280K, used 33716K [0x0000000083c00000, 0x000000008d980000, 0x00000000d6980000)
  object space 161280K, 20% used [0x0000000083c00000,0x0000000085ced000,0x000000008d980000)
 Metaspace       used 59980K, capacity 60958K, committed 61568K, reserved 1103872K
  class space    used 7188K, capacity 7478K, committed 7552K, reserved 1048576K
Event: 32.337 GC heap after
Heap after GC invocations=17 (full 3):
 PSYoungGen      total 375296K, used 19890K [0x00000000d6980000, 0x00000000f1280000, 0x0000000100000000)
  eden space 339968K, 0% used [0x00000000d6980000,0x00000000d6980000,0x00000000eb580000)
  from space 35328K, 56% used [0x00000000ef000000,0x00000000f036c998,0x00000000f1280000)
  to   space 47616K, 0% used [0x00000000eb580000,0x00000000eb580000,0x00000000ee400000)
 ParOldGen       total 161280K, used 33724K [0x0000000083c00000, 0x000000008d980000, 0x00000000d6980000)
  object space 161280K, 20% used [0x0000000083c00000,0x0000000085cef000,0x000000008d980000)
 Metaspace       used 59980K, capacity 60958K, committed 61568K, reserved 1103872K
  class space    used 7188K, capacity 7478K, committed 7552K, reserved 1048576K
}
Event: 45.659 GC heap before
{Heap before GC invocations=18 (full 3):
 PSYoungGen      total 375296K, used 333405K [0x00000000d6980000, 0x00000000f1280000, 0x0000000100000000)
  eden space 339968K, 92% used [0x00000000d6980000,0x00000000e9baadf8,0x00000000eb580000)
  from space 35328K, 56% used [0x00000000ef000000,0x00000000f036c998,0x00000000f1280000)
  to   space 47616K, 0% used [0x00000000eb580000,0x00000000eb580000,0x00000000ee400000)
 ParOldGen       total 161280K, used 33724K [0x0000000083c00000, 0x000000008d980000, 0x00000000d6980000)
  object space 161280K, 20% used [0x0000000083c00000,0x0000000085cef000,0x000000008d980000)
 Metaspace       used 67926K, capacity 68986K, committed 69336K, reserved 1110016K
  class space    used 7902K, capacity 8190K, committed 8192K, reserved 1048576K
Event: 45.734 GC heap after
Heap after GC invocations=18 (full 3):
 PSYoungGen      total 387584K, used 21613K [0x00000000d6980000, 0x00000000f4f80000, 0x0000000100000000)
  eden space 339968K, 0% used [0x00000000d6980000,0x00000000d6980000,0x00000000eb580000)
  from space 47616K, 45% used [0x00000000eb580000,0x00000000eca9b548,0x00000000ee400000)
  to   space 46080K, 0% used [0x00000000f2280000,0x00000000f2280000,0x00000000f4f80000)
 ParOldGen       total 161280K, used 33724K [0x0000000083c00000, 0x000000008d980000, 0x00000000d6980000)
  object space 161280K, 20% used [0x0000000083c00000,0x0000000085cef000,0x000000008d980000)
 Metaspace       used 67926K, capacity 68986K, committed 69336K, reserved 1110016K
  class space    used 7902K, capacity 8190K, committed 8192K, reserved 1048576K
}
Event: 45.734 GC heap before
{Heap before GC invocations=19 (full 4):
 PSYoungGen      total 387584K, used 21613K [0x00000000d6980000, 0x00000000f4f80000, 0x0000000100000000)
  eden space 339968K, 0% used [0x00000000d6980000,0x00000000d6980000,0x00000000eb580000)
  from space 47616K, 45% used [0x00000000eb580000,0x00000000eca9b548,0x00000000ee400000)
  to   space 46080K, 0% used [0x00000000f2280000,0x00000000f2280000,0x00000000f4f80000)
 ParOldGen       total 161280K, used 33724K [0x0000000083c00000, 0x000000008d980000, 0x00000000d6980000)
  object space 161280K, 20% used [0x0000000083c00000,0x0000000085cef000,0x000000008d980000)
 Metaspace       used 67926K, capacity 68986K, committed 69336K, reserved 1110016K
  class space    used 7902K, capacity 8190K, committed 8192K, reserved 1048576K
Event: 46.069 GC heap after
Heap after GC invocations=19 (full 4):
 PSYoungGen      total 387584K, used 0K [0x00000000d6980000, 0x00000000f4f80000, 0x0000000100000000)
  eden space 339968K, 0% used [0x00000000d6980000,0x00000000d6980000,0x00000000eb580000)
  from space 47616K, 0% used [0x00000000eb580000,0x00000000eb580000,0x00000000ee400000)
  to   space 46080K, 0% used [0x00000000f2280000,0x00000000f2280000,0x00000000f4f80000)
 ParOldGen       total 205824K, used 43163K [0x0000000083c00000, 0x0000000090500000, 0x00000000d6980000)
  object space 205824K, 20% used [0x0000000083c00000,0x0000000086626ee0,0x0000000090500000)
 Metaspace       used 67926K, capacity 68986K, committed 69336K, reserved 1110016K
  class space    used 7902K, capacity 8190K, committed 8192K, reserved 1048576K
}
Event: 1143.341 GC heap before
{Heap before GC invocations=20 (full 4):
 PSYoungGen      total 387584K, used 317388K [0x00000000d6980000, 0x00000000f4f80000, 0x0000000100000000)
  eden space 339968K, 93% used [0x00000000d6980000,0x00000000e9f73088,0x00000000eb580000)
  from space 47616K, 0% used [0x00000000eb580000,0x00000000eb580000,0x00000000ee400000)
  to   space 46080K, 0% used [0x00000000f2280000,0x00000000f2280000,0x00000000f4f80000)
 ParOldGen       total 205824K, used 43163K [0x0000000083c00000, 0x0000000090500000, 0x00000000d6980000)
  object space 205824K, 20% used [0x0000000083c00000,0x0000000086626ee0,0x0000000090500000)
 Metaspace       used 73850K, capacity 75154K, committed 75608K, reserved 1116160K
  class space    used 8482K, capacity 8788K, committed 8832K, reserved 1048576K
Event: 1143.366 GC heap after
Heap after GC invocations=20 (full 4):
 PSYoungGen      total 453120K, used 10663K [0x00000000d6980000, 0x00000000f5480000, 0x0000000100000000)
  eden space 407040K, 0% used [0x00000000d6980000,0x00000000d6980000,0x00000000ef700000)
  from space 46080K, 23% used [0x00000000f2280000,0x00000000f2ce9c08,0x00000000f4f80000)
  to   space 44544K, 0% used [0x00000000ef700000,0x00000000ef700000,0x00000000f2280000)
 ParOldGen       total 205824K, used 43171K [0x0000000083c00000, 0x0000000090500000, 0x00000000d6980000)
  object space 205824K, 20% used [0x0000000083c00000,0x0000000086628ee0,0x0000000090500000)
 Metaspace       used 73850K, capacity 75154K, committed 75608K, reserved 1116160K
  class space    used 8482K, capacity 8788K, committed 8832K, reserved 1048576K
}
Event: 1143.366 GC heap before
{Heap before GC invocations=21 (full 5):
 PSYoungGen      total 453120K, used 10663K [0x00000000d6980000, 0x00000000f5480000, 0x0000000100000000)
  eden space 407040K, 0% used [0x00000000d6980000,0x00000000d6980000,0x00000000ef700000)
  from space 46080K, 23% used [0x00000000f2280000,0x00000000f2ce9c08,0x00000000f4f80000)
  to   space 44544K, 0% used [0x00000000ef700000,0x00000000ef700000,0x00000000f2280000)
 ParOldGen       total 205824K, used 43171K [0x0000000083c00000, 0x0000000090500000, 0x00000000d6980000)
  object space 205824K, 20% used [0x0000000083c00000,0x0000000086628ee0,0x0000000090500000)
 Metaspace       used 73850K, capacity 75154K, committed 75608K, reserved 1116160K
  class space    used 8482K, capacity 8788K, committed 8832K, reserved 1048576K
Event: 1143.899 GC heap after
Heap after GC invocations=21 (full 5):
 PSYoungGen      total 453120K, used 0K [0x00000000d6980000, 0x00000000f5480000, 0x0000000100000000)
  eden space 407040K, 0% used [0x00000000d6980000,0x00000000d6980000,0x00000000ef700000)
  from space 46080K, 0% used [0x00000000f2280000,0x00000000f2280000,0x00000000f4f80000)
  to   space 44544K, 0% used [0x00000000ef700000,0x00000000ef700000,0x00000000f2280000)
 ParOldGen       total 205824K, used 41528K [0x0000000083c00000, 0x0000000090500000, 0x00000000d6980000)
  object space 205824K, 20% used [0x0000000083c00000,0x000000008648e258,0x0000000090500000)
 Metaspace       used 73648K, capacity 74702K, committed 75608K, reserved 1116160K
  class space    used 8475K, capacity 8772K, committed 8832K, reserved 1048576K
}

